<?xml version="1.0" encoding="UTF-8"?>
<!-- Generated by org.testng.reporters.JUnitXMLReporter -->
<testsuite ignored="8" hostname="LIN-5CD51716WX" failures="0" tests="1" name="Default test" time="10.126" errors="0" timestamp="2025-09-14T23:57:14 IST">
  <testcase classname="com.nobroker.test.Profile" name="@BeforeMethod setupParameters" time="-1.757874433957E9">
    <failure type="org.testng.TestNGException" message="
Parameter &amp;apos;city&amp;apos; is required by BeforeMethod on method setupParameters but has not been marked @Optional or defined
in C:\Users\asing207\AppData\Local\Temp\testng-eclipse--531493578\testng-customsuite.xml">
      <![CDATA[org.testng.TestNGException: 
Parameter 'city' is required by BeforeMethod on method setupParameters but has not been marked @Optional or defined
in C:\Users\asing207\AppData\Local\Temp\testng-eclipse--531493578\testng-customsuite.xml
at org.testng.internal.Parameters.createParams(Parameters.java:264)
at org.testng.internal.Parameters.createParametersForMethod(Parameters.java:352)
at org.testng.internal.Parameters.createParameters(Parameters.java:690)
at org.testng.internal.Parameters.createConfigurationParameters(Parameters.java:163)
at org.testng.internal.invokers.ConfigInvoker.invokeConfigurations(ConfigInvoker.java:313)
at org.testng.internal.invokers.TestInvoker.runConfigMethods(TestInvoker.java:836)
at org.testng.internal.invokers.TestInvoker.invokeMethod(TestInvoker.java:601)
at org.testng.internal.invokers.TestInvoker.invokeTestMethod(TestInvoker.java:230)
at org.testng.internal.invokers.MethodRunner.runInSequence(MethodRunner.java:63)
at org.testng.internal.invokers.TestInvoker$MethodInvocationAgent.invoke(TestInvoker.java:995)
at org.testng.internal.invokers.TestInvoker.invokeTestMethods(TestInvoker.java:203)
at org.testng.internal.invokers.TestMethodWorker.invokeTestMethods(TestMethodWorker.java:154)
at org.testng.internal.invokers.TestMethodWorker.run(TestMethodWorker.java:134)
at java.base/java.util.ArrayList.forEach(ArrayList.java:1596)
at org.testng.TestRunner.privateRun(TestRunner.java:741)
at org.testng.TestRunner.run(TestRunner.java:616)
at org.testng.SuiteRunner.runTest(SuiteRunner.java:421)
at org.testng.SuiteRunner.runSequentially(SuiteRunner.java:413)
at org.testng.SuiteRunner.privateRun(SuiteRunner.java:373)
at org.testng.SuiteRunner.run(SuiteRunner.java:312)
at org.testng.SuiteRunnerWorker.runSuite(SuiteRunnerWorker.java:52)
at org.testng.SuiteRunnerWorker.run(SuiteRunnerWorker.java:95)
at org.testng.TestNG.runSuitesSequentially(TestNG.java:1274)
at org.testng.TestNG.runSuitesLocally(TestNG.java:1208)
at org.testng.TestNG.runSuites(TestNG.java:1112)
at org.testng.TestNG.run(TestNG.java:1079)
at org.testng.remote.AbstractRemoteTestNG.run(AbstractRemoteTestNG.java:115)
at org.testng.remote.RemoteTestNG.initAndRun(RemoteTestNG.java:293)
at org.testng.remote.RemoteTestNG.main(RemoteTestNG.java:91)
]]>
    </failure>
  </testcase> <!-- @BeforeMethod setupParameters -->
  <testcase classname="com.nobroker.test.Profile" name="@AfterMethod tearDown" time="0.0">
    <skipped/>
  </testcase> <!-- @AfterMethod tearDown -->
  <testcase classname="com.nobroker.test.Profile" name="@AfterClass finalizeReport" time="0.0">
    <skipped/>
  </testcase> <!-- @AfterClass finalizeReport -->
  <testcase classname="com.nobroker.test.Profile" name="sortProperties" time="0.0">
    <skipped/>
  </testcase> <!-- sortProperties -->
  <testcase classname="com.nobroker.test.Profile" name="invalidInputSearch" time="0.0">
    <ignored/>
  </testcase> <!-- invalidInputSearch -->
  <testcase classname="com.nobroker.test.Profile" name="resetFilters" time="0.0">
    <ignored/>
  </testcase> <!-- resetFilters -->
  <testcase classname="com.nobroker.test.Profile" name="getOwnerDetailsWithLogin" time="0.0">
    <ignored/>
  </testcase> <!-- getOwnerDetailsWithLogin -->
  <testcase classname="com.nobroker.test.Profile" name="validSearchWith4Localities" time="0.0">
    <ignored/>
  </testcase> <!-- validSearchWith4Localities -->
  <testcase classname="com.nobroker.test.Profile" name="getOwnerDetailsWithoutLogin" time="0.0">
    <ignored/>
  </testcase> <!-- getOwnerDetailsWithoutLogin -->
  <testcase classname="com.nobroker.test.Profile" name="validFilters" time="0.0">
    <ignored/>
  </testcase> <!-- validFilters -->
  <testcase classname="com.nobroker.test.Profile" name="validSearchWithLocalities" time="0.0">
    <ignored/>
  </testcase> <!-- validSearchWithLocalities -->
  <testcase classname="com.nobroker.test.Profile" name="validInputTest" time="0.0">
    <ignored/>
  </testcase> <!-- validInputTest -->
</testsuite> <!-- Default test -->
