<?xml version="1.0" encoding="UTF-8"?>
<!-- Generated by org.testng.reporters.JUnitXMLReporter -->
<testsuite ignored="8" hostname="LIN-5CD51716WX" failures="0" tests="1" name="Profile Functional Tests" time="96.92" errors="0" timestamp="2025-09-16T08:28:00 IST">
  <testcase classname="com.nobroker.test.Profile" name="resetFilters" time="78.883"/>
  <testcase classname="com.nobroker.test.Profile" name="validInputTest" time="0.0">
    <ignored/>
  </testcase> <!-- validInputTest -->
  <testcase classname="com.nobroker.test.Profile" name="getOwnerDetailsWithLogin" time="0.0">
    <ignored/>
  </testcase> <!-- getOwnerDetailsWithLogin -->
  <testcase classname="com.nobroker.test.Profile" name="getOwnerDetailsWithoutLogin" time="0.0">
    <ignored/>
  </testcase> <!-- getOwnerDetailsWithoutLogin -->
  <testcase classname="com.nobroker.test.Profile" name="validSearchWith4Localities" time="0.0">
    <ignored/>
  </testcase> <!-- validSearchWith4Localities -->
  <testcase classname="com.nobroker.test.Profile" name="invalidInputSearch" time="0.0">
    <ignored/>
  </testcase> <!-- invalidInputSearch -->
  <testcase classname="com.nobroker.test.Profile" name="validSearchWithLocalities" time="0.0">
    <ignored/>
  </testcase> <!-- validSearchWithLocalities -->
  <testcase classname="com.nobroker.test.Profile" name="validFilters" time="0.0">
    <ignored/>
  </testcase> <!-- validFilters -->
  <testcase classname="com.nobroker.test.Profile" name="sortProperties" time="0.0">
    <ignored/>
  </testcase> <!-- sortProperties -->
</testsuite> <!-- Profile Functional Tests -->
