<?xml version="1.0" encoding="UTF-8"?>
<!-- Generated by org.testng.reporters.JUnitXMLReporter -->
<testsuite ignored="8" hostname="LIN-5CD51716WX" failures="0" tests="2" name="Profile Functional Tests" time="112.32" errors="0" timestamp="2025-09-15T12:42:58 IST">
  <testcase classname="com.nobroker.test.Profile" name="validSearchWith4Localities" time="11.191"/>
  <testcase classname="com.nobroker.test.Profile" name="validSearchWith4Localities" time="12.005"/>
  <testcase classname="com.nobroker.test.Profile" name="validInputTest" time="0.0">
    <ignored/>
  </testcase> <!-- validInputTest -->
  <testcase classname="com.nobroker.test.Profile" name="sortProperties" time="0.0">
    <ignored/>
  </testcase> <!-- sortProperties -->
  <testcase classname="com.nobroker.test.Profile" name="resetFilters" time="0.0">
    <ignored/>
  </testcase> <!-- resetFilters -->
  <testcase classname="com.nobroker.test.Profile" name="getOwnerDetailsWithLogin" time="0.0">
    <ignored/>
  </testcase> <!-- getOwnerDetailsWithLogin -->
  <testcase classname="com.nobroker.test.Profile" name="getOwnerDetailsWithoutLogin" time="0.0">
    <ignored/>
  </testcase> <!-- getOwnerDetailsWithoutLogin -->
  <testcase classname="com.nobroker.test.Profile" name="invalidInputSearch" time="0.0">
    <ignored/>
  </testcase> <!-- invalidInputSearch -->
  <testcase classname="com.nobroker.test.Profile" name="validFilters" time="0.0">
    <ignored/>
  </testcase> <!-- validFilters -->
  <testcase classname="com.nobroker.test.Profile" name="validSearchWithLocalities" time="0.0">
    <ignored/>
  </testcase> <!-- validSearchWithLocalities -->
</testsuite> <!-- Profile Functional Tests -->
