<?xml version="1.0" encoding="UTF-8"?>
<!-- Generated by org.testng.reporters.JUnitXMLReporter -->
<testsuite ignored="0" hostname="LIN-5CD51716WX" failures="0" tests="22" name="Profile Functional Tests" time="435.156" errors="0" timestamp="2025-09-16T05:03:25 IST">
  <testcase classname="com.nobroker.test.Profile" name="validInputTest" time="4.823"/>
  <testcase classname="com.nobroker.test.Profile" name="validInputTest" time="13.32"/>
  <testcase classname="com.nobroker.test.Profile" name="validInputTest" time="4.868"/>
  <testcase classname="com.nobroker.test.Profile" name="invalidInputSearch" time="12.87"/>
  <testcase classname="com.nobroker.test.Profile" name="invalidInputSearch" time="12.762"/>
  <testcase classname="com.nobroker.test.Profile" name="invalidInputSearch" time="2.915"/>
  <testcase classname="com.nobroker.test.Profile" name="validSearchWithLocalities" time="7.422"/>
  <testcase classname="com.nobroker.test.Profile" name="validSearchWithLocalities" time="8.47"/>
  <testcase classname="com.nobroker.test.Profile" name="validSearchWithLocalities" time="17.391"/>
  <testcase classname="com.nobroker.test.Profile" name="validSearchWith4Localities" time="11.496"/>
  <testcase classname="com.nobroker.test.Profile" name="validSearchWith4Localities" time="11.491"/>
  <testcase classname="com.nobroker.test.Profile" name="validFilters" time="22.442"/>
  <testcase classname="com.nobroker.test.Profile" name="validFilters" time="27.577"/>
  <testcase classname="com.nobroker.test.Profile" name="validFilters" time="23.461">
    <skipped/>
  </testcase> <!-- validFilters -->
  <testcase classname="com.nobroker.test.Profile" name="validFilters" time="24.668"/>
  <testcase classname="com.nobroker.test.Profile" name="validFilters" time="17.313"/>
  <testcase classname="com.nobroker.test.Profile" name="validFilters" time="15.18"/>
  <testcase classname="com.nobroker.test.Profile" name="resetFilters" time="31.097"/>
  <testcase classname="com.nobroker.test.Profile" name="getOwnerDetailsWithoutLogin" time="6.271"/>
  <testcase classname="com.nobroker.test.Profile" name="getOwnerDetailsWithLogin" time="21.873">
    <skipped/>
  </testcase> <!-- getOwnerDetailsWithLogin -->
  <testcase classname="com.nobroker.test.Profile" name="getOwnerDetailsWithLogin" time="31.639"/>
  <testcase classname="com.nobroker.test.Profile" name="sortProperties" time="5.028"/>
</testsuite> <!-- Profile Functional Tests -->
