<?xml version="1.0" encoding="UTF-8"?>
<!-- Generated by org.testng.reporters.JUnitXMLReporter -->
<testsuite ignored="0" hostname="LIN-5CD51716WX" failures="0" tests="24" name="Profile Functional Tests" time="525.186" errors="0" timestamp="2025-09-16T03:31:59 IST">
  <testcase classname="com.nobroker.test.Profile" name="validInputTest" time="4.209"/>
  <testcase classname="com.nobroker.test.Profile" name="validInputTest" time="14.06"/>
  <testcase classname="com.nobroker.test.Profile" name="validInputTest" time="4.599"/>
  <testcase classname="com.nobroker.test.Profile" name="invalidInputSearch" time="12.688"/>
  <testcase classname="com.nobroker.test.Profile" name="invalidInputSearch" time="12.637"/>
  <testcase classname="com.nobroker.test.Profile" name="invalidInputSearch" time="3.063"/>
  <testcase classname="com.nobroker.test.Profile" name="validSearchWithLocalities" time="7.79"/>
  <testcase classname="com.nobroker.test.Profile" name="validSearchWithLocalities" time="8.055"/>
  <testcase classname="com.nobroker.test.Profile" name="validSearchWithLocalities" time="32.765"/>
  <testcase classname="com.nobroker.test.Profile" name="validSearchWith4Localities" time="11.744"/>
  <testcase classname="com.nobroker.test.Profile" name="validSearchWith4Localities" time="12.135"/>
  <testcase classname="com.nobroker.test.Profile" name="validFilters" time="25.062"/>
  <testcase classname="com.nobroker.test.Profile" name="validFilters" time="29.371"/>
  <testcase classname="com.nobroker.test.Profile" name="validFilters" time="23.561"/>
  <testcase classname="com.nobroker.test.Profile" name="validFilters" time="17.173"/>
  <testcase classname="com.nobroker.test.Profile" name="validFilters" time="16.255"/>
  <testcase classname="com.nobroker.test.Profile" name="resetFilters" time="27.085"/>
  <testcase classname="com.nobroker.test.Profile" name="resetFilters" time="32.59"/>
  <testcase classname="com.nobroker.test.Profile" name="resetFilters" time="29.017"/>
  <testcase classname="com.nobroker.test.Profile" name="resetFilters" time="22.077"/>
  <testcase classname="com.nobroker.test.Profile" name="resetFilters" time="21.522"/>
  <testcase classname="com.nobroker.test.Profile" name="getOwnerDetailsWithoutLogin" time="7.409"/>
  <testcase classname="com.nobroker.test.Profile" name="getOwnerDetailsWithLogin" time="35.437"/>
  <testcase classname="com.nobroker.test.Profile" name="sortProperties" time="6.713"/>
</testsuite> <!-- Profile Functional Tests -->
