<?xml version="1.0" encoding="UTF-8"?>
<testng-results ignored="8" total="9" passed="1" failed="0" skipped="0">
  <reporter-output>
  </reporter-output>
  <suite started-at="2025-09-16T08:26:23 IST" name="Suite" finished-at="2025-09-16T08:28:00 IST" duration-ms="96920">
    <groups>
    </groups>
    <test started-at="2025-09-16T08:26:23 IST" name="Profile Functional Tests" finished-at="2025-09-16T08:28:00 IST" duration-ms="96920">
      <class name="com.nobroker.test.Profile">
        <test-method is-config="true" signature="setupReportandParameters()[pri:0, instance:com.nobroker.test.Profile@2df3b89c]" started-at="2025-09-16T08:26:23 IST" name="setupReportandParameters" finished-at="2025-09-16T08:26:24 IST" duration-ms="916" status="PASS">
          <reporter-output>
          </reporter-output>
        </test-method> <!-- setupReportandParameters -->
        <test-method is-config="true" signature="setupTestContext(java.lang.String,java.lang.String,java.lang.String,java.lang.String,java.lang.String,java.lang.reflect.Method)[pri:0, instance:com.nobroker.test.Profile@2df3b89c]" started-at="2025-09-16T08:26:26 IST" name="setupTestContext" finished-at="2025-09-16T08:26:36 IST" duration-ms="9594" status="PASS">
          <params>
            <param index="0">
              <value>
                <![CDATA[Mumbai]]>
              </value>
            </param>
            <param index="1">
              <value>
                <![CDATA[airoli]]>
              </value>
            </param>
            <param index="2">
              <value>
                <![CDATA[rabale]]>
              </value>
            </param>
            <param index="3">
              <value>
                <![CDATA[ghansoli]]>
              </value>
            </param>
            <param index="4">
              <value>
                <![CDATA[edge]]>
              </value>
            </param>
            <param index="5">
              <value>
                <![CDATA[public void com.nobroker.test.Profile.resetFilters(java.lang.String,int,int,java.lang.String,java.lang.String,java.lang.String,java.lang.String,java.lang.String) throws java.lang.InterruptedException]]>
              </value>
            </param>
          </params>
          <reporter-output>
          </reporter-output>
        </test-method> <!-- setupTestContext -->
        <test-method signature="resetFilters(java.lang.String,int,int,java.lang.String,java.lang.String,java.lang.String,java.lang.String,java.lang.String)[pri:5, instance:com.nobroker.test.Profile@2df3b89c]" started-at="2025-09-16T08:26:36 IST" name="resetFilters" description="To validate reset filter functionality" data-provider="resetFilterDataProvider" finished-at="2025-09-16T08:27:54 IST" duration-ms="78883" status="PASS">
          <params>
            <param index="0">
              <value>
                <![CDATA[4 BHK]]>
              </value>
            </param>
            <param index="1">
              <value>
                <![CDATA[30000]]>
              </value>
            </param>
            <param index="2">
              <value>
                <![CDATA[100000]]>
              </value>
            </param>
            <param index="3">
              <value>
                <![CDATA[30Days]]>
              </value>
            </param>
            <param index="4">
              <value>
                <![CDATA[company]]>
              </value>
            </param>
            <param index="5">
              <value>
                <![CDATA[gc]]>
              </value>
            </param>
            <param index="6">
              <value>
                <![CDATA[Full]]>
              </value>
            </param>
            <param index="7">
              <value>
                <![CDATA[4-wheeler]]>
              </value>
            </param>
          </params>
          <reporter-output>
          </reporter-output>
        </test-method> <!-- resetFilters -->
        <test-method is-config="true" signature="tearDown(org.testng.ITestResult)[pri:0, instance:com.nobroker.test.Profile@2df3b89c]" started-at="2025-09-16T08:27:55 IST" name="tearDown" finished-at="2025-09-16T08:27:58 IST" duration-ms="3264" status="PASS">
          <params>
            <param index="0">
              <value>
                <![CDATA[[TestResult name=resetFilters status=SUCCESS method=Profile.resetFilters(java.lang.String,int,int,java.lang.String,java.lang.String,java.lang.String,java.lang.String,java.lang.String)[pri:5, instance:com.nobroker.test.Profile@2df3b89c] output={null}]]]>
              </value>
            </param>
          </params>
          <reporter-output>
          </reporter-output>
        </test-method> <!-- tearDown -->
        <test-method is-config="true" signature="finalizeReport()[pri:0, instance:com.nobroker.test.Profile@2df3b89c]" started-at="2025-09-16T08:27:58 IST" name="finalizeReport" finished-at="2025-09-16T08:28:00 IST" duration-ms="2188" status="PASS">
          <reporter-output>
          </reporter-output>
        </test-method> <!-- finalizeReport -->
      </class> <!-- com.nobroker.test.Profile -->
    </test> <!-- Profile Functional Tests -->
  </suite> <!-- Suite -->
</testng-results>
