<?xml version="1.0" encoding="UTF-8"?>
<testng-results ignored="0" total="24" passed="24" failed="0" skipped="0">
  <reporter-output>
  </reporter-output>
  <suite started-at="2025-09-16T03:23:14 IST" name="NoBroker Automation Suite" finished-at="2025-09-16T03:31:59 IST" duration-ms="525186">
    <groups>
    </groups>
    <test started-at="2025-09-16T03:23:14 IST" name="Profile Functional Tests" finished-at="2025-09-16T03:31:59 IST" duration-ms="525186">
      <class name="com.nobroker.test.Profile">
        <test-method is-config="true" signature="setupReportandParameters()[pri:0, instance:com.nobroker.test.Profile@77f1baf5]" started-at="2025-09-16T03:23:14 IST" name="setupReportandParameters" finished-at="2025-09-16T03:23:14 IST" duration-ms="263" status="PASS">
          <reporter-output>
          </reporter-output>
        </test-method> <!-- setupReportandParameters -->
        <test-method is-config="true" signature="setupTestContext(java.lang.String,java.lang.String,java.lang.String,java.lang.String,java.lang.String,java.lang.reflect.Method)[pri:0, instance:com.nobroker.test.Profile@77f1baf5]" started-at="2025-09-16T03:23:14 IST" name="setupTestContext" finished-at="2025-09-16T03:23:19 IST" duration-ms="4096" status="PASS">
          <params>
            <param index="0">
              <value>
                <![CDATA[Mumbai]]>
              </value>
            </param>
            <param index="1">
              <value>
                <![CDATA[airoli]]>
              </value>
            </param>
            <param index="2">
              <value>
                <![CDATA[rabale]]>
              </value>
            </param>
            <param index="3">
              <value>
                <![CDATA[thane]]>
              </value>
            </param>
            <param index="4">
              <value>
                <![CDATA[edge]]>
              </value>
            </param>
            <param index="5">
              <value>
                <![CDATA[public void com.nobroker.test.Profile.validInputTest(java.lang.String,java.lang.String) throws java.lang.InterruptedException]]>
              </value>
            </param>
          </params>
          <reporter-output>
          </reporter-output>
        </test-method> <!-- setupTestContext -->
        <test-method signature="validInputTest(java.lang.String,java.lang.String)[pri:0, instance:com.nobroker.test.Profile@77f1baf5]" started-at="2025-09-16T03:23:19 IST" name="validInputTest" description="To validate search with valid input" data-provider="validInputData" finished-at="2025-09-16T03:23:23 IST" duration-ms="4209" status="PASS">
          <params>
            <param index="0">
              <value>
                <![CDATA[Mumbai]]>
              </value>
            </param>
            <param index="1">
              <value>
                <![CDATA[airoli]]>
              </value>
            </param>
          </params>
          <reporter-output>
          </reporter-output>
        </test-method> <!-- validInputTest -->
        <test-method is-config="true" signature="tearDown(org.testng.ITestResult)[pri:0, instance:com.nobroker.test.Profile@77f1baf5]" started-at="2025-09-16T03:23:23 IST" name="tearDown" finished-at="2025-09-16T03:23:23 IST" duration-ms="660" status="PASS">
          <params>
            <param index="0">
              <value>
                <![CDATA[[TestResult name=validInputTest status=SUCCESS method=Profile.validInputTest(java.lang.String,java.lang.String)[pri:0, instance:com.nobroker.test.Profile@77f1baf5] output={null}]]]>
              </value>
            </param>
          </params>
          <reporter-output>
          </reporter-output>
        </test-method> <!-- tearDown -->
        <test-method is-config="true" signature="setupTestContext(java.lang.String,java.lang.String,java.lang.String,java.lang.String,java.lang.String,java.lang.reflect.Method)[pri:0, instance:com.nobroker.test.Profile@77f1baf5]" started-at="2025-09-16T03:23:23 IST" name="setupTestContext" finished-at="2025-09-16T03:23:27 IST" duration-ms="3520" status="PASS">
          <params>
            <param index="0">
              <value>
                <![CDATA[Mumbai]]>
              </value>
            </param>
            <param index="1">
              <value>
                <![CDATA[airoli]]>
              </value>
            </param>
            <param index="2">
              <value>
                <![CDATA[rabale]]>
              </value>
            </param>
            <param index="3">
              <value>
                <![CDATA[thane]]>
              </value>
            </param>
            <param index="4">
              <value>
                <![CDATA[edge]]>
              </value>
            </param>
            <param index="5">
              <value>
                <![CDATA[public void com.nobroker.test.Profile.validInputTest(java.lang.String,java.lang.String) throws java.lang.InterruptedException]]>
              </value>
            </param>
          </params>
          <reporter-output>
          </reporter-output>
        </test-method> <!-- setupTestContext -->
        <test-method signature="validInputTest(java.lang.String,java.lang.String)[pri:0, instance:com.nobroker.test.Profile@77f1baf5]" started-at="2025-09-16T03:23:27 IST" name="validInputTest" description="To validate search with valid input" data-provider="validInputData" finished-at="2025-09-16T03:23:41 IST" duration-ms="14060" status="PASS">
          <params>
            <param index="0">
              <value>
                <![CDATA[Pune]]>
              </value>
            </param>
            <param index="1">
              <value>
                <![CDATA[baner]]>
              </value>
            </param>
          </params>
          <reporter-output>
          </reporter-output>
        </test-method> <!-- validInputTest -->
        <test-method is-config="true" signature="tearDown(org.testng.ITestResult)[pri:0, instance:com.nobroker.test.Profile@77f1baf5]" started-at="2025-09-16T03:23:41 IST" name="tearDown" finished-at="2025-09-16T03:23:42 IST" duration-ms="767" status="PASS">
          <params>
            <param index="0">
              <value>
                <![CDATA[[TestResult name=validInputTest status=SUCCESS method=Profile.validInputTest(java.lang.String,java.lang.String)[pri:0, instance:com.nobroker.test.Profile@77f1baf5] output={null}]]]>
              </value>
            </param>
          </params>
          <reporter-output>
          </reporter-output>
        </test-method> <!-- tearDown -->
        <test-method is-config="true" signature="setupTestContext(java.lang.String,java.lang.String,java.lang.String,java.lang.String,java.lang.String,java.lang.reflect.Method)[pri:0, instance:com.nobroker.test.Profile@77f1baf5]" started-at="2025-09-16T03:23:42 IST" name="setupTestContext" finished-at="2025-09-16T03:23:45 IST" duration-ms="3504" status="PASS">
          <params>
            <param index="0">
              <value>
                <![CDATA[Mumbai]]>
              </value>
            </param>
            <param index="1">
              <value>
                <![CDATA[airoli]]>
              </value>
            </param>
            <param index="2">
              <value>
                <![CDATA[rabale]]>
              </value>
            </param>
            <param index="3">
              <value>
                <![CDATA[thane]]>
              </value>
            </param>
            <param index="4">
              <value>
                <![CDATA[edge]]>
              </value>
            </param>
            <param index="5">
              <value>
                <![CDATA[public void com.nobroker.test.Profile.validInputTest(java.lang.String,java.lang.String) throws java.lang.InterruptedException]]>
              </value>
            </param>
          </params>
          <reporter-output>
          </reporter-output>
        </test-method> <!-- setupTestContext -->
        <test-method signature="validInputTest(java.lang.String,java.lang.String)[pri:0, instance:com.nobroker.test.Profile@77f1baf5]" started-at="2025-09-16T03:23:45 IST" name="validInputTest" description="To validate search with valid input" data-provider="validInputData" finished-at="2025-09-16T03:23:50 IST" duration-ms="4599" status="PASS">
          <params>
            <param index="0">
              <value>
                <![CDATA[Bangalore]]>
              </value>
            </param>
            <param index="1">
              <value>
                <![CDATA[hsr layout]]>
              </value>
            </param>
          </params>
          <reporter-output>
          </reporter-output>
        </test-method> <!-- validInputTest -->
        <test-method is-config="true" signature="tearDown(org.testng.ITestResult)[pri:0, instance:com.nobroker.test.Profile@77f1baf5]" started-at="2025-09-16T03:23:50 IST" name="tearDown" finished-at="2025-09-16T03:23:51 IST" duration-ms="754" status="PASS">
          <params>
            <param index="0">
              <value>
                <![CDATA[[TestResult name=validInputTest status=SUCCESS method=Profile.validInputTest(java.lang.String,java.lang.String)[pri:0, instance:com.nobroker.test.Profile@77f1baf5] output={null}]]]>
              </value>
            </param>
          </params>
          <reporter-output>
          </reporter-output>
        </test-method> <!-- tearDown -->
        <test-method is-config="true" signature="setupTestContext(java.lang.String,java.lang.String,java.lang.String,java.lang.String,java.lang.String,java.lang.reflect.Method)[pri:0, instance:com.nobroker.test.Profile@77f1baf5]" started-at="2025-09-16T03:23:51 IST" name="setupTestContext" finished-at="2025-09-16T03:23:55 IST" duration-ms="4144" status="PASS">
          <params>
            <param index="0">
              <value>
                <![CDATA[Mumbai]]>
              </value>
            </param>
            <param index="1">
              <value>
                <![CDATA[airoli]]>
              </value>
            </param>
            <param index="2">
              <value>
                <![CDATA[rabale]]>
              </value>
            </param>
            <param index="3">
              <value>
                <![CDATA[thane]]>
              </value>
            </param>
            <param index="4">
              <value>
                <![CDATA[edge]]>
              </value>
            </param>
            <param index="5">
              <value>
                <![CDATA[public void com.nobroker.test.Profile.invalidInputSearch(java.lang.String,java.lang.String) throws java.lang.InterruptedException]]>
              </value>
            </param>
          </params>
          <reporter-output>
          </reporter-output>
        </test-method> <!-- setupTestContext -->
        <test-method signature="invalidInputSearch(java.lang.String,java.lang.String)[pri:1, instance:com.nobroker.test.Profile@77f1baf5]" started-at="2025-09-16T03:23:55 IST" name="invalidInputSearch" description="To validate error message for invalid locality input" data-provider="invalidInputData" finished-at="2025-09-16T03:24:07 IST" duration-ms="12688" status="PASS">
          <params>
            <param index="0">
              <value>
                <![CDATA[Pune]]>
              </value>
            </param>
            <param index="1">
              <value>
                <![CDATA[Mumbai airoli]]>
              </value>
            </param>
          </params>
          <reporter-output>
          </reporter-output>
        </test-method> <!-- invalidInputSearch -->
        <test-method is-config="true" signature="tearDown(org.testng.ITestResult)[pri:0, instance:com.nobroker.test.Profile@77f1baf5]" started-at="2025-09-16T03:24:07 IST" name="tearDown" finished-at="2025-09-16T03:24:08 IST" duration-ms="691" status="PASS">
          <params>
            <param index="0">
              <value>
                <![CDATA[[TestResult name=invalidInputSearch status=SUCCESS method=Profile.invalidInputSearch(java.lang.String,java.lang.String)[pri:1, instance:com.nobroker.test.Profile@77f1baf5] output={null}]]]>
              </value>
            </param>
          </params>
          <reporter-output>
          </reporter-output>
        </test-method> <!-- tearDown -->
        <test-method is-config="true" signature="setupTestContext(java.lang.String,java.lang.String,java.lang.String,java.lang.String,java.lang.String,java.lang.reflect.Method)[pri:0, instance:com.nobroker.test.Profile@77f1baf5]" started-at="2025-09-16T03:24:08 IST" name="setupTestContext" finished-at="2025-09-16T03:24:12 IST" duration-ms="3854" status="PASS">
          <params>
            <param index="0">
              <value>
                <![CDATA[Mumbai]]>
              </value>
            </param>
            <param index="1">
              <value>
                <![CDATA[airoli]]>
              </value>
            </param>
            <param index="2">
              <value>
                <![CDATA[rabale]]>
              </value>
            </param>
            <param index="3">
              <value>
                <![CDATA[thane]]>
              </value>
            </param>
            <param index="4">
              <value>
                <![CDATA[edge]]>
              </value>
            </param>
            <param index="5">
              <value>
                <![CDATA[public void com.nobroker.test.Profile.invalidInputSearch(java.lang.String,java.lang.String) throws java.lang.InterruptedException]]>
              </value>
            </param>
          </params>
          <reporter-output>
          </reporter-output>
        </test-method> <!-- setupTestContext -->
        <test-method signature="invalidInputSearch(java.lang.String,java.lang.String)[pri:1, instance:com.nobroker.test.Profile@77f1baf5]" started-at="2025-09-16T03:24:12 IST" name="invalidInputSearch" description="To validate error message for invalid locality input" data-provider="invalidInputData" finished-at="2025-09-16T03:24:25 IST" duration-ms="12637" status="PASS">
          <params>
            <param index="0">
              <value>
                <![CDATA[Mumbai]]>
              </value>
            </param>
            <param index="1">
              <value>
                <![CDATA[bangalore adfa delhi]]>
              </value>
            </param>
          </params>
          <reporter-output>
          </reporter-output>
        </test-method> <!-- invalidInputSearch -->
        <test-method is-config="true" signature="tearDown(org.testng.ITestResult)[pri:0, instance:com.nobroker.test.Profile@77f1baf5]" started-at="2025-09-16T03:24:25 IST" name="tearDown" finished-at="2025-09-16T03:24:25 IST" duration-ms="749" status="PASS">
          <params>
            <param index="0">
              <value>
                <![CDATA[[TestResult name=invalidInputSearch status=SUCCESS method=Profile.invalidInputSearch(java.lang.String,java.lang.String)[pri:1, instance:com.nobroker.test.Profile@77f1baf5] output={null}]]]>
              </value>
            </param>
          </params>
          <reporter-output>
          </reporter-output>
        </test-method> <!-- tearDown -->
        <test-method is-config="true" signature="setupTestContext(java.lang.String,java.lang.String,java.lang.String,java.lang.String,java.lang.String,java.lang.reflect.Method)[pri:0, instance:com.nobroker.test.Profile@77f1baf5]" started-at="2025-09-16T03:24:25 IST" name="setupTestContext" finished-at="2025-09-16T03:24:29 IST" duration-ms="3483" status="PASS">
          <params>
            <param index="0">
              <value>
                <![CDATA[Mumbai]]>
              </value>
            </param>
            <param index="1">
              <value>
                <![CDATA[airoli]]>
              </value>
            </param>
            <param index="2">
              <value>
                <![CDATA[rabale]]>
              </value>
            </param>
            <param index="3">
              <value>
                <![CDATA[thane]]>
              </value>
            </param>
            <param index="4">
              <value>
                <![CDATA[edge]]>
              </value>
            </param>
            <param index="5">
              <value>
                <![CDATA[public void com.nobroker.test.Profile.invalidInputSearch(java.lang.String,java.lang.String) throws java.lang.InterruptedException]]>
              </value>
            </param>
          </params>
          <reporter-output>
          </reporter-output>
        </test-method> <!-- setupTestContext -->
        <test-method signature="invalidInputSearch(java.lang.String,java.lang.String)[pri:1, instance:com.nobroker.test.Profile@77f1baf5]" started-at="2025-09-16T03:24:29 IST" name="invalidInputSearch" description="To validate error message for invalid locality input" data-provider="invalidInputData" finished-at="2025-09-16T03:24:32 IST" duration-ms="3063" status="PASS">
          <params>
            <param index="0">
              <value>
                <![CDATA[Bangalore]]>
              </value>
            </param>
            <param index="1">
              <value>
                <![CDATA[thane mumbai]]>
              </value>
            </param>
          </params>
          <reporter-output>
          </reporter-output>
        </test-method> <!-- invalidInputSearch -->
        <test-method is-config="true" signature="tearDown(org.testng.ITestResult)[pri:0, instance:com.nobroker.test.Profile@77f1baf5]" started-at="2025-09-16T03:24:32 IST" name="tearDown" finished-at="2025-09-16T03:24:33 IST" duration-ms="539" status="PASS">
          <params>
            <param index="0">
              <value>
                <![CDATA[[TestResult name=invalidInputSearch status=SUCCESS method=Profile.invalidInputSearch(java.lang.String,java.lang.String)[pri:1, instance:com.nobroker.test.Profile@77f1baf5] output={null}]]]>
              </value>
            </param>
          </params>
          <reporter-output>
          </reporter-output>
        </test-method> <!-- tearDown -->
        <test-method is-config="true" signature="setupTestContext(java.lang.String,java.lang.String,java.lang.String,java.lang.String,java.lang.String,java.lang.reflect.Method)[pri:0, instance:com.nobroker.test.Profile@77f1baf5]" started-at="2025-09-16T03:24:33 IST" name="setupTestContext" finished-at="2025-09-16T03:24:36 IST" duration-ms="3442" status="PASS">
          <params>
            <param index="0">
              <value>
                <![CDATA[Mumbai]]>
              </value>
            </param>
            <param index="1">
              <value>
                <![CDATA[airoli]]>
              </value>
            </param>
            <param index="2">
              <value>
                <![CDATA[rabale]]>
              </value>
            </param>
            <param index="3">
              <value>
                <![CDATA[thane]]>
              </value>
            </param>
            <param index="4">
              <value>
                <![CDATA[edge]]>
              </value>
            </param>
            <param index="5">
              <value>
                <![CDATA[public void com.nobroker.test.Profile.validSearchWithLocalities(java.lang.String,java.lang.String[]) throws java.lang.InterruptedException]]>
              </value>
            </param>
          </params>
          <reporter-output>
          </reporter-output>
        </test-method> <!-- setupTestContext -->
        <test-method signature="validSearchWithLocalities(java.lang.String,[Ljava.lang.String;)[pri:2, instance:com.nobroker.test.Profile@77f1baf5]" started-at="2025-09-16T03:24:36 IST" name="validSearchWithLocalities" description="To validate multi-locality search" data-provider="multiLocalityData" finished-at="2025-09-16T03:24:44 IST" duration-ms="7790" status="PASS">
          <params>
            <param index="0">
              <value>
                <![CDATA[Mumbai]]>
              </value>
            </param>
            <param index="1">
              <value>
                <![CDATA[[Ljava.lang.String;@4fd05028]]>
              </value>
            </param>
          </params>
          <reporter-output>
          </reporter-output>
        </test-method> <!-- validSearchWithLocalities -->
        <test-method is-config="true" signature="tearDown(org.testng.ITestResult)[pri:0, instance:com.nobroker.test.Profile@77f1baf5]" started-at="2025-09-16T03:24:44 IST" name="tearDown" finished-at="2025-09-16T03:24:44 IST" duration-ms="707" status="PASS">
          <params>
            <param index="0">
              <value>
                <![CDATA[[TestResult name=validSearchWithLocalities status=SUCCESS method=Profile.validSearchWithLocalities(java.lang.String,[Ljava.lang.String;)[pri:2, instance:com.nobroker.test.Profile@77f1baf5] output={null}]]]>
              </value>
            </param>
          </params>
          <reporter-output>
          </reporter-output>
        </test-method> <!-- tearDown -->
        <test-method is-config="true" signature="setupTestContext(java.lang.String,java.lang.String,java.lang.String,java.lang.String,java.lang.String,java.lang.reflect.Method)[pri:0, instance:com.nobroker.test.Profile@77f1baf5]" started-at="2025-09-16T03:24:44 IST" name="setupTestContext" finished-at="2025-09-16T03:24:48 IST" duration-ms="3539" status="PASS">
          <params>
            <param index="0">
              <value>
                <![CDATA[Mumbai]]>
              </value>
            </param>
            <param index="1">
              <value>
                <![CDATA[airoli]]>
              </value>
            </param>
            <param index="2">
              <value>
                <![CDATA[rabale]]>
              </value>
            </param>
            <param index="3">
              <value>
                <![CDATA[thane]]>
              </value>
            </param>
            <param index="4">
              <value>
                <![CDATA[edge]]>
              </value>
            </param>
            <param index="5">
              <value>
                <![CDATA[public void com.nobroker.test.Profile.validSearchWithLocalities(java.lang.String,java.lang.String[]) throws java.lang.InterruptedException]]>
              </value>
            </param>
          </params>
          <reporter-output>
          </reporter-output>
        </test-method> <!-- setupTestContext -->
        <test-method signature="validSearchWithLocalities(java.lang.String,[Ljava.lang.String;)[pri:2, instance:com.nobroker.test.Profile@77f1baf5]" started-at="2025-09-16T03:24:48 IST" name="validSearchWithLocalities" description="To validate multi-locality search" data-provider="multiLocalityData" finished-at="2025-09-16T03:24:56 IST" duration-ms="8055" status="PASS">
          <params>
            <param index="0">
              <value>
                <![CDATA[Mumbai]]>
              </value>
            </param>
            <param index="1">
              <value>
                <![CDATA[[Ljava.lang.String;@72976b4]]>
              </value>
            </param>
          </params>
          <reporter-output>
          </reporter-output>
        </test-method> <!-- validSearchWithLocalities -->
        <test-method is-config="true" signature="tearDown(org.testng.ITestResult)[pri:0, instance:com.nobroker.test.Profile@77f1baf5]" started-at="2025-09-16T03:24:56 IST" name="tearDown" finished-at="2025-09-16T03:24:57 IST" duration-ms="619" status="PASS">
          <params>
            <param index="0">
              <value>
                <![CDATA[[TestResult name=validSearchWithLocalities status=SUCCESS method=Profile.validSearchWithLocalities(java.lang.String,[Ljava.lang.String;)[pri:2, instance:com.nobroker.test.Profile@77f1baf5] output={null}]]]>
              </value>
            </param>
          </params>
          <reporter-output>
          </reporter-output>
        </test-method> <!-- tearDown -->
        <test-method is-config="true" signature="setupTestContext(java.lang.String,java.lang.String,java.lang.String,java.lang.String,java.lang.String,java.lang.reflect.Method)[pri:0, instance:com.nobroker.test.Profile@77f1baf5]" started-at="2025-09-16T03:24:57 IST" name="setupTestContext" finished-at="2025-09-16T03:25:01 IST" duration-ms="4774" status="PASS">
          <params>
            <param index="0">
              <value>
                <![CDATA[Mumbai]]>
              </value>
            </param>
            <param index="1">
              <value>
                <![CDATA[airoli]]>
              </value>
            </param>
            <param index="2">
              <value>
                <![CDATA[rabale]]>
              </value>
            </param>
            <param index="3">
              <value>
                <![CDATA[thane]]>
              </value>
            </param>
            <param index="4">
              <value>
                <![CDATA[edge]]>
              </value>
            </param>
            <param index="5">
              <value>
                <![CDATA[public void com.nobroker.test.Profile.validSearchWithLocalities(java.lang.String,java.lang.String[]) throws java.lang.InterruptedException]]>
              </value>
            </param>
          </params>
          <reporter-output>
          </reporter-output>
        </test-method> <!-- setupTestContext -->
        <test-method signature="validSearchWithLocalities(java.lang.String,[Ljava.lang.String;)[pri:2, instance:com.nobroker.test.Profile@77f1baf5]" started-at="2025-09-16T03:25:01 IST" name="validSearchWithLocalities" description="To validate multi-locality search" data-provider="multiLocalityData" finished-at="2025-09-16T03:25:34 IST" duration-ms="32765" status="PASS">
          <params>
            <param index="0">
              <value>
                <![CDATA[Pune]]>
              </value>
            </param>
            <param index="1">
              <value>
                <![CDATA[[Ljava.lang.String;@5974b233]]>
              </value>
            </param>
          </params>
          <reporter-output>
          </reporter-output>
        </test-method> <!-- validSearchWithLocalities -->
        <test-method is-config="true" signature="tearDown(org.testng.ITestResult)[pri:0, instance:com.nobroker.test.Profile@77f1baf5]" started-at="2025-09-16T03:25:34 IST" name="tearDown" finished-at="2025-09-16T03:25:35 IST" duration-ms="720" status="PASS">
          <params>
            <param index="0">
              <value>
                <![CDATA[[TestResult name=validSearchWithLocalities status=SUCCESS method=Profile.validSearchWithLocalities(java.lang.String,[Ljava.lang.String;)[pri:2, instance:com.nobroker.test.Profile@77f1baf5] output={null}]]]>
              </value>
            </param>
          </params>
          <reporter-output>
          </reporter-output>
        </test-method> <!-- tearDown -->
        <test-method is-config="true" signature="setupTestContext(java.lang.String,java.lang.String,java.lang.String,java.lang.String,java.lang.String,java.lang.reflect.Method)[pri:0, instance:com.nobroker.test.Profile@77f1baf5]" started-at="2025-09-16T03:25:35 IST" name="setupTestContext" finished-at="2025-09-16T03:25:39 IST" duration-ms="3773" status="PASS">
          <params>
            <param index="0">
              <value>
                <![CDATA[Mumbai]]>
              </value>
            </param>
            <param index="1">
              <value>
                <![CDATA[airoli]]>
              </value>
            </param>
            <param index="2">
              <value>
                <![CDATA[rabale]]>
              </value>
            </param>
            <param index="3">
              <value>
                <![CDATA[thane]]>
              </value>
            </param>
            <param index="4">
              <value>
                <![CDATA[edge]]>
              </value>
            </param>
            <param index="5">
              <value>
                <![CDATA[public void com.nobroker.test.Profile.validSearchWith4Localities(java.lang.String,java.lang.String,java.lang.String[]) throws java.lang.InterruptedException]]>
              </value>
            </param>
          </params>
          <reporter-output>
          </reporter-output>
        </test-method> <!-- setupTestContext -->
        <test-method signature="validSearchWith4Localities(java.lang.String,java.lang.String,[Ljava.lang.String;)[pri:3, instance:com.nobroker.test.Profile@77f1baf5]" started-at="2025-09-16T03:25:39 IST" name="validSearchWith4Localities" description="To validate error on adding more than 3 localities" data-provider="fourLocalityData" finished-at="2025-09-16T03:25:50 IST" duration-ms="11744" status="PASS">
          <params>
            <param index="0">
              <value>
                <![CDATA[Mumbai]]>
              </value>
            </param>
            <param index="1">
              <value>
                <![CDATA[airoli]]>
              </value>
            </param>
            <param index="2">
              <value>
                <![CDATA[[Ljava.lang.String;@79957f11]]>
              </value>
            </param>
          </params>
          <reporter-output>
          </reporter-output>
        </test-method> <!-- validSearchWith4Localities -->
        <test-method is-config="true" signature="tearDown(org.testng.ITestResult)[pri:0, instance:com.nobroker.test.Profile@77f1baf5]" started-at="2025-09-16T03:25:50 IST" name="tearDown" finished-at="2025-09-16T03:25:51 IST" duration-ms="726" status="PASS">
          <params>
            <param index="0">
              <value>
                <![CDATA[[TestResult name=validSearchWith4Localities status=SUCCESS method=Profile.validSearchWith4Localities(java.lang.String,java.lang.String,[Ljava.lang.String;)[pri:3, instance:com.nobroker.test.Profile@77f1baf5] output={null}]]]>
              </value>
            </param>
          </params>
          <reporter-output>
          </reporter-output>
        </test-method> <!-- tearDown -->
        <test-method is-config="true" signature="setupTestContext(java.lang.String,java.lang.String,java.lang.String,java.lang.String,java.lang.String,java.lang.reflect.Method)[pri:0, instance:com.nobroker.test.Profile@77f1baf5]" started-at="2025-09-16T03:25:51 IST" name="setupTestContext" finished-at="2025-09-16T03:25:55 IST" duration-ms="3899" status="PASS">
          <params>
            <param index="0">
              <value>
                <![CDATA[Mumbai]]>
              </value>
            </param>
            <param index="1">
              <value>
                <![CDATA[airoli]]>
              </value>
            </param>
            <param index="2">
              <value>
                <![CDATA[rabale]]>
              </value>
            </param>
            <param index="3">
              <value>
                <![CDATA[thane]]>
              </value>
            </param>
            <param index="4">
              <value>
                <![CDATA[edge]]>
              </value>
            </param>
            <param index="5">
              <value>
                <![CDATA[public void com.nobroker.test.Profile.validSearchWith4Localities(java.lang.String,java.lang.String,java.lang.String[]) throws java.lang.InterruptedException]]>
              </value>
            </param>
          </params>
          <reporter-output>
          </reporter-output>
        </test-method> <!-- setupTestContext -->
        <test-method signature="validSearchWith4Localities(java.lang.String,java.lang.String,[Ljava.lang.String;)[pri:3, instance:com.nobroker.test.Profile@77f1baf5]" started-at="2025-09-16T03:25:55 IST" name="validSearchWith4Localities" description="To validate error on adding more than 3 localities" data-provider="fourLocalityData" finished-at="2025-09-16T03:26:07 IST" duration-ms="12135" status="PASS">
          <params>
            <param index="0">
              <value>
                <![CDATA[Delhi]]>
              </value>
            </param>
            <param index="1">
              <value>
                <![CDATA[palam]]>
              </value>
            </param>
            <param index="2">
              <value>
                <![CDATA[[Ljava.lang.String;@48e41b5d]]>
              </value>
            </param>
          </params>
          <reporter-output>
          </reporter-output>
        </test-method> <!-- validSearchWith4Localities -->
        <test-method is-config="true" signature="tearDown(org.testng.ITestResult)[pri:0, instance:com.nobroker.test.Profile@77f1baf5]" started-at="2025-09-16T03:26:07 IST" name="tearDown" finished-at="2025-09-16T03:26:08 IST" duration-ms="791" status="PASS">
          <params>
            <param index="0">
              <value>
                <![CDATA[[TestResult name=validSearchWith4Localities status=SUCCESS method=Profile.validSearchWith4Localities(java.lang.String,java.lang.String,[Ljava.lang.String;)[pri:3, instance:com.nobroker.test.Profile@77f1baf5] output={null}]]]>
              </value>
            </param>
          </params>
          <reporter-output>
          </reporter-output>
        </test-method> <!-- tearDown -->
        <test-method is-config="true" signature="setupTestContext(java.lang.String,java.lang.String,java.lang.String,java.lang.String,java.lang.String,java.lang.reflect.Method)[pri:0, instance:com.nobroker.test.Profile@77f1baf5]" started-at="2025-09-16T03:26:09 IST" name="setupTestContext" finished-at="2025-09-16T03:26:12 IST" duration-ms="3581" status="PASS">
          <params>
            <param index="0">
              <value>
                <![CDATA[Mumbai]]>
              </value>
            </param>
            <param index="1">
              <value>
                <![CDATA[airoli]]>
              </value>
            </param>
            <param index="2">
              <value>
                <![CDATA[rabale]]>
              </value>
            </param>
            <param index="3">
              <value>
                <![CDATA[thane]]>
              </value>
            </param>
            <param index="4">
              <value>
                <![CDATA[edge]]>
              </value>
            </param>
            <param index="5">
              <value>
                <![CDATA[public void com.nobroker.test.Profile.validFilters(java.lang.String,int,int,java.lang.String,java.lang.String,java.lang.String,java.lang.String,java.lang.String) throws java.lang.InterruptedException]]>
              </value>
            </param>
          </params>
          <reporter-output>
          </reporter-output>
        </test-method> <!-- setupTestContext -->
        <test-method signature="validFilters(java.lang.String,int,int,java.lang.String,java.lang.String,java.lang.String,java.lang.String,java.lang.String)[pri:4, instance:com.nobroker.test.Profile@77f1baf5]" started-at="2025-09-16T03:26:12 IST" name="validFilters" description="To validate filter functionality" data-provider="filterDataProvider" finished-at="2025-09-16T03:26:37 IST" duration-ms="25062" status="PASS">
          <params>
            <param index="0">
              <value>
                <![CDATA[3 BHK]]>
              </value>
            </param>
            <param index="1">
              <value>
                <![CDATA[15000]]>
              </value>
            </param>
            <param index="2">
              <value>
                <![CDATA[100000]]>
              </value>
            </param>
            <param index="3">
              <value>
                <![CDATA[Immediate]]>
              </value>
            </param>
            <param index="4">
              <value>
                <![CDATA[family]]>
              </value>
            </param>
            <param index="5">
              <value>
                <![CDATA[apartment]]>
              </value>
            </param>
            <param index="6">
              <value>
                <![CDATA[Full]]>
              </value>
            </param>
            <param index="7">
              <value>
                <![CDATA[4-wheeler]]>
              </value>
            </param>
          </params>
          <reporter-output>
          </reporter-output>
        </test-method> <!-- validFilters -->
        <test-method is-config="true" signature="tearDown(org.testng.ITestResult)[pri:0, instance:com.nobroker.test.Profile@77f1baf5]" started-at="2025-09-16T03:26:37 IST" name="tearDown" finished-at="2025-09-16T03:26:38 IST" duration-ms="634" status="PASS">
          <params>
            <param index="0">
              <value>
                <![CDATA[[TestResult name=validFilters status=SUCCESS method=Profile.validFilters(java.lang.String,int,int,java.lang.String,java.lang.String,java.lang.String,java.lang.String,java.lang.String)[pri:4, instance:com.nobroker.test.Profile@77f1baf5] output={null}]]]>
              </value>
            </param>
          </params>
          <reporter-output>
          </reporter-output>
        </test-method> <!-- tearDown -->
        <test-method is-config="true" signature="setupTestContext(java.lang.String,java.lang.String,java.lang.String,java.lang.String,java.lang.String,java.lang.reflect.Method)[pri:0, instance:com.nobroker.test.Profile@77f1baf5]" started-at="2025-09-16T03:26:38 IST" name="setupTestContext" finished-at="2025-09-16T03:26:41 IST" duration-ms="3521" status="PASS">
          <params>
            <param index="0">
              <value>
                <![CDATA[Mumbai]]>
              </value>
            </param>
            <param index="1">
              <value>
                <![CDATA[airoli]]>
              </value>
            </param>
            <param index="2">
              <value>
                <![CDATA[rabale]]>
              </value>
            </param>
            <param index="3">
              <value>
                <![CDATA[thane]]>
              </value>
            </param>
            <param index="4">
              <value>
                <![CDATA[edge]]>
              </value>
            </param>
            <param index="5">
              <value>
                <![CDATA[public void com.nobroker.test.Profile.validFilters(java.lang.String,int,int,java.lang.String,java.lang.String,java.lang.String,java.lang.String,java.lang.String) throws java.lang.InterruptedException]]>
              </value>
            </param>
          </params>
          <reporter-output>
          </reporter-output>
        </test-method> <!-- setupTestContext -->
        <test-method signature="validFilters(java.lang.String,int,int,java.lang.String,java.lang.String,java.lang.String,java.lang.String,java.lang.String)[pri:4, instance:com.nobroker.test.Profile@77f1baf5]" started-at="2025-09-16T03:26:41 IST" name="validFilters" description="To validate filter functionality" data-provider="filterDataProvider" finished-at="2025-09-16T03:27:11 IST" duration-ms="29371" status="PASS">
          <params>
            <param index="0">
              <value>
                <![CDATA[4 BHK]]>
              </value>
            </param>
            <param index="1">
              <value>
                <![CDATA[30000]]>
              </value>
            </param>
            <param index="2">
              <value>
                <![CDATA[100000]]>
              </value>
            </param>
            <param index="3">
              <value>
                <![CDATA[30Days]]>
              </value>
            </param>
            <param index="4">
              <value>
                <![CDATA[company]]>
              </value>
            </param>
            <param index="5">
              <value>
                <![CDATA[gc]]>
              </value>
            </param>
            <param index="6">
              <value>
                <![CDATA[Full]]>
              </value>
            </param>
            <param index="7">
              <value>
                <![CDATA[4-wheeler]]>
              </value>
            </param>
          </params>
          <reporter-output>
          </reporter-output>
        </test-method> <!-- validFilters -->
        <test-method is-config="true" signature="tearDown(org.testng.ITestResult)[pri:0, instance:com.nobroker.test.Profile@77f1baf5]" started-at="2025-09-16T03:27:11 IST" name="tearDown" finished-at="2025-09-16T03:27:11 IST" duration-ms="626" status="PASS">
          <params>
            <param index="0">
              <value>
                <![CDATA[[TestResult name=validFilters status=SUCCESS method=Profile.validFilters(java.lang.String,int,int,java.lang.String,java.lang.String,java.lang.String,java.lang.String,java.lang.String)[pri:4, instance:com.nobroker.test.Profile@77f1baf5] output={null}]]]>
              </value>
            </param>
          </params>
          <reporter-output>
          </reporter-output>
        </test-method> <!-- tearDown -->
        <test-method is-config="true" signature="setupTestContext(java.lang.String,java.lang.String,java.lang.String,java.lang.String,java.lang.String,java.lang.reflect.Method)[pri:0, instance:com.nobroker.test.Profile@77f1baf5]" started-at="2025-09-16T03:27:11 IST" name="setupTestContext" finished-at="2025-09-16T03:27:15 IST" duration-ms="3454" status="PASS">
          <params>
            <param index="0">
              <value>
                <![CDATA[Mumbai]]>
              </value>
            </param>
            <param index="1">
              <value>
                <![CDATA[airoli]]>
              </value>
            </param>
            <param index="2">
              <value>
                <![CDATA[rabale]]>
              </value>
            </param>
            <param index="3">
              <value>
                <![CDATA[thane]]>
              </value>
            </param>
            <param index="4">
              <value>
                <![CDATA[edge]]>
              </value>
            </param>
            <param index="5">
              <value>
                <![CDATA[public void com.nobroker.test.Profile.validFilters(java.lang.String,int,int,java.lang.String,java.lang.String,java.lang.String,java.lang.String,java.lang.String) throws java.lang.InterruptedException]]>
              </value>
            </param>
          </params>
          <reporter-output>
          </reporter-output>
        </test-method> <!-- setupTestContext -->
        <test-method signature="validFilters(java.lang.String,int,int,java.lang.String,java.lang.String,java.lang.String,java.lang.String,java.lang.String)[pri:4, instance:com.nobroker.test.Profile@77f1baf5]" started-at="2025-09-16T03:27:15 IST" name="validFilters" description="To validate filter functionality" data-provider="filterDataProvider" finished-at="2025-09-16T03:27:38 IST" duration-ms="23561" status="PASS">
          <params>
            <param index="0">
              <value>
                <![CDATA[2 BHK]]>
              </value>
            </param>
            <param index="1">
              <value>
                <![CDATA[10000]]>
              </value>
            </param>
            <param index="2">
              <value>
                <![CDATA[100000]]>
              </value>
            </param>
            <param index="3">
              <value>
                <![CDATA[30Days]]>
              </value>
            </param>
            <param index="4">
              <value>
                <![CDATA[family]]>
              </value>
            </param>
            <param index="5">
              <value>
                <![CDATA[apartment]]>
              </value>
            </param>
            <param index="6">
              <value>
                <![CDATA[Semi]]>
              </value>
            </param>
            <param index="7">
              <value>
                <![CDATA[2-wheeler]]>
              </value>
            </param>
          </params>
          <reporter-output>
          </reporter-output>
        </test-method> <!-- validFilters -->
        <test-method is-config="true" signature="tearDown(org.testng.ITestResult)[pri:0, instance:com.nobroker.test.Profile@77f1baf5]" started-at="2025-09-16T03:27:38 IST" name="tearDown" finished-at="2025-09-16T03:27:39 IST" duration-ms="659" status="PASS">
          <params>
            <param index="0">
              <value>
                <![CDATA[[TestResult name=validFilters status=SUCCESS method=Profile.validFilters(java.lang.String,int,int,java.lang.String,java.lang.String,java.lang.String,java.lang.String,java.lang.String)[pri:4, instance:com.nobroker.test.Profile@77f1baf5] output={null}]]]>
              </value>
            </param>
          </params>
          <reporter-output>
          </reporter-output>
        </test-method> <!-- tearDown -->
        <test-method is-config="true" signature="setupTestContext(java.lang.String,java.lang.String,java.lang.String,java.lang.String,java.lang.String,java.lang.reflect.Method)[pri:0, instance:com.nobroker.test.Profile@77f1baf5]" started-at="2025-09-16T03:27:39 IST" name="setupTestContext" finished-at="2025-09-16T03:27:43 IST" duration-ms="3709" status="PASS">
          <params>
            <param index="0">
              <value>
                <![CDATA[Mumbai]]>
              </value>
            </param>
            <param index="1">
              <value>
                <![CDATA[airoli]]>
              </value>
            </param>
            <param index="2">
              <value>
                <![CDATA[rabale]]>
              </value>
            </param>
            <param index="3">
              <value>
                <![CDATA[thane]]>
              </value>
            </param>
            <param index="4">
              <value>
                <![CDATA[edge]]>
              </value>
            </param>
            <param index="5">
              <value>
                <![CDATA[public void com.nobroker.test.Profile.validFilters(java.lang.String,int,int,java.lang.String,java.lang.String,java.lang.String,java.lang.String,java.lang.String) throws java.lang.InterruptedException]]>
              </value>
            </param>
          </params>
          <reporter-output>
          </reporter-output>
        </test-method> <!-- setupTestContext -->
        <test-method signature="validFilters(java.lang.String,int,int,java.lang.String,java.lang.String,java.lang.String,java.lang.String,java.lang.String)[pri:4, instance:com.nobroker.test.Profile@77f1baf5]" started-at="2025-09-16T03:27:43 IST" name="validFilters" description="To validate filter functionality" data-provider="filterDataProvider" finished-at="2025-09-16T03:28:00 IST" duration-ms="17173" status="PASS">
          <params>
            <param index="0">
              <value>
                <![CDATA[1 BHK]]>
              </value>
            </param>
            <param index="1">
              <value>
                <![CDATA[7000]]>
              </value>
            </param>
            <param index="2">
              <value>
                <![CDATA[100000]]>
              </value>
            </param>
            <param index="3">
              <value>
                <![CDATA[30Days]]>
              </value>
            </param>
            <param index="4">
              <value>
                <![CDATA[bachelor_female]]>
              </value>
            </param>
            <param index="5">
              <value>
                <![CDATA[apartment]]>
              </value>
            </param>
            <param index="6">
              <value>
                <![CDATA[Full]]>
              </value>
            </param>
            <param index="7">
              <value>
                <![CDATA[2-wheeler]]>
              </value>
            </param>
          </params>
          <reporter-output>
          </reporter-output>
        </test-method> <!-- validFilters -->
        <test-method is-config="true" signature="tearDown(org.testng.ITestResult)[pri:0, instance:com.nobroker.test.Profile@77f1baf5]" started-at="2025-09-16T03:28:00 IST" name="tearDown" finished-at="2025-09-16T03:28:01 IST" duration-ms="614" status="PASS">
          <params>
            <param index="0">
              <value>
                <![CDATA[[TestResult name=validFilters status=SUCCESS method=Profile.validFilters(java.lang.String,int,int,java.lang.String,java.lang.String,java.lang.String,java.lang.String,java.lang.String)[pri:4, instance:com.nobroker.test.Profile@77f1baf5] output={null}]]]>
              </value>
            </param>
          </params>
          <reporter-output>
          </reporter-output>
        </test-method> <!-- tearDown -->
        <test-method is-config="true" signature="setupTestContext(java.lang.String,java.lang.String,java.lang.String,java.lang.String,java.lang.String,java.lang.reflect.Method)[pri:0, instance:com.nobroker.test.Profile@77f1baf5]" started-at="2025-09-16T03:28:01 IST" name="setupTestContext" finished-at="2025-09-16T03:28:04 IST" duration-ms="3661" status="PASS">
          <params>
            <param index="0">
              <value>
                <![CDATA[Mumbai]]>
              </value>
            </param>
            <param index="1">
              <value>
                <![CDATA[airoli]]>
              </value>
            </param>
            <param index="2">
              <value>
                <![CDATA[rabale]]>
              </value>
            </param>
            <param index="3">
              <value>
                <![CDATA[thane]]>
              </value>
            </param>
            <param index="4">
              <value>
                <![CDATA[edge]]>
              </value>
            </param>
            <param index="5">
              <value>
                <![CDATA[public void com.nobroker.test.Profile.validFilters(java.lang.String,int,int,java.lang.String,java.lang.String,java.lang.String,java.lang.String,java.lang.String) throws java.lang.InterruptedException]]>
              </value>
            </param>
          </params>
          <reporter-output>
          </reporter-output>
        </test-method> <!-- setupTestContext -->
        <test-method signature="validFilters(java.lang.String,int,int,java.lang.String,java.lang.String,java.lang.String,java.lang.String,java.lang.String)[pri:4, instance:com.nobroker.test.Profile@77f1baf5]" started-at="2025-09-16T03:28:04 IST" name="validFilters" description="To validate filter functionality" data-provider="filterDataProvider" finished-at="2025-09-16T03:28:20 IST" duration-ms="16255" status="PASS">
          <params>
            <param index="0">
              <value>
                <![CDATA[1 RK]]>
              </value>
            </param>
            <param index="1">
              <value>
                <![CDATA[5000]]>
              </value>
            </param>
            <param index="2">
              <value>
                <![CDATA[100000]]>
              </value>
            </param>
            <param index="3">
              <value>
                <![CDATA[Immediate]]>
              </value>
            </param>
            <param index="4">
              <value>
                <![CDATA[bachelor_male]]>
              </value>
            </param>
            <param index="5">
              <value>
                <![CDATA[apartment]]>
              </value>
            </param>
            <param index="6">
              <value>
                <![CDATA[Full]]>
              </value>
            </param>
            <param index="7">
              <value>
                <![CDATA[2-wheeler]]>
              </value>
            </param>
          </params>
          <reporter-output>
          </reporter-output>
        </test-method> <!-- validFilters -->
        <test-method is-config="true" signature="tearDown(org.testng.ITestResult)[pri:0, instance:com.nobroker.test.Profile@77f1baf5]" started-at="2025-09-16T03:28:21 IST" name="tearDown" finished-at="2025-09-16T03:28:21 IST" duration-ms="787" status="PASS">
          <params>
            <param index="0">
              <value>
                <![CDATA[[TestResult name=validFilters status=SUCCESS method=Profile.validFilters(java.lang.String,int,int,java.lang.String,java.lang.String,java.lang.String,java.lang.String,java.lang.String)[pri:4, instance:com.nobroker.test.Profile@77f1baf5] output={null}]]]>
              </value>
            </param>
          </params>
          <reporter-output>
          </reporter-output>
        </test-method> <!-- tearDown -->
        <test-method is-config="true" signature="setupTestContext(java.lang.String,java.lang.String,java.lang.String,java.lang.String,java.lang.String,java.lang.reflect.Method)[pri:0, instance:com.nobroker.test.Profile@77f1baf5]" started-at="2025-09-16T03:28:21 IST" name="setupTestContext" finished-at="2025-09-16T03:28:25 IST" duration-ms="3602" status="PASS">
          <params>
            <param index="0">
              <value>
                <![CDATA[Mumbai]]>
              </value>
            </param>
            <param index="1">
              <value>
                <![CDATA[airoli]]>
              </value>
            </param>
            <param index="2">
              <value>
                <![CDATA[rabale]]>
              </value>
            </param>
            <param index="3">
              <value>
                <![CDATA[thane]]>
              </value>
            </param>
            <param index="4">
              <value>
                <![CDATA[edge]]>
              </value>
            </param>
            <param index="5">
              <value>
                <![CDATA[public void com.nobroker.test.Profile.resetFilters(java.lang.String,int,int,java.lang.String,java.lang.String,java.lang.String,java.lang.String,java.lang.String) throws java.lang.InterruptedException]]>
              </value>
            </param>
          </params>
          <reporter-output>
          </reporter-output>
        </test-method> <!-- setupTestContext -->
        <test-method signature="resetFilters(java.lang.String,int,int,java.lang.String,java.lang.String,java.lang.String,java.lang.String,java.lang.String)[pri:5, instance:com.nobroker.test.Profile@77f1baf5]" started-at="2025-09-16T03:28:25 IST" name="resetFilters" description="To validate reset filter functionality" data-provider="filterDataProvider" finished-at="2025-09-16T03:28:52 IST" depends-on-methods="com.nobroker.test.Profile.validFilters" duration-ms="27085" status="PASS">
          <params>
            <param index="0">
              <value>
                <![CDATA[3 BHK]]>
              </value>
            </param>
            <param index="1">
              <value>
                <![CDATA[15000]]>
              </value>
            </param>
            <param index="2">
              <value>
                <![CDATA[100000]]>
              </value>
            </param>
            <param index="3">
              <value>
                <![CDATA[Immediate]]>
              </value>
            </param>
            <param index="4">
              <value>
                <![CDATA[family]]>
              </value>
            </param>
            <param index="5">
              <value>
                <![CDATA[apartment]]>
              </value>
            </param>
            <param index="6">
              <value>
                <![CDATA[Full]]>
              </value>
            </param>
            <param index="7">
              <value>
                <![CDATA[4-wheeler]]>
              </value>
            </param>
          </params>
          <reporter-output>
          </reporter-output>
        </test-method> <!-- resetFilters -->
        <test-method is-config="true" signature="tearDown(org.testng.ITestResult)[pri:0, instance:com.nobroker.test.Profile@77f1baf5]" started-at="2025-09-16T03:28:52 IST" name="tearDown" finished-at="2025-09-16T03:28:53 IST" duration-ms="657" status="PASS">
          <params>
            <param index="0">
              <value>
                <![CDATA[[TestResult name=resetFilters status=SUCCESS method=Profile.resetFilters(java.lang.String,int,int,java.lang.String,java.lang.String,java.lang.String,java.lang.String,java.lang.String)[pri:5, instance:com.nobroker.test.Profile@77f1baf5] output={null}]]]>
              </value>
            </param>
          </params>
          <reporter-output>
          </reporter-output>
        </test-method> <!-- tearDown -->
        <test-method is-config="true" signature="setupTestContext(java.lang.String,java.lang.String,java.lang.String,java.lang.String,java.lang.String,java.lang.reflect.Method)[pri:0, instance:com.nobroker.test.Profile@77f1baf5]" started-at="2025-09-16T03:28:53 IST" name="setupTestContext" finished-at="2025-09-16T03:28:56 IST" duration-ms="3388" status="PASS">
          <params>
            <param index="0">
              <value>
                <![CDATA[Mumbai]]>
              </value>
            </param>
            <param index="1">
              <value>
                <![CDATA[airoli]]>
              </value>
            </param>
            <param index="2">
              <value>
                <![CDATA[rabale]]>
              </value>
            </param>
            <param index="3">
              <value>
                <![CDATA[thane]]>
              </value>
            </param>
            <param index="4">
              <value>
                <![CDATA[edge]]>
              </value>
            </param>
            <param index="5">
              <value>
                <![CDATA[public void com.nobroker.test.Profile.resetFilters(java.lang.String,int,int,java.lang.String,java.lang.String,java.lang.String,java.lang.String,java.lang.String) throws java.lang.InterruptedException]]>
              </value>
            </param>
          </params>
          <reporter-output>
          </reporter-output>
        </test-method> <!-- setupTestContext -->
        <test-method signature="resetFilters(java.lang.String,int,int,java.lang.String,java.lang.String,java.lang.String,java.lang.String,java.lang.String)[pri:5, instance:com.nobroker.test.Profile@77f1baf5]" started-at="2025-09-16T03:28:56 IST" name="resetFilters" description="To validate reset filter functionality" data-provider="filterDataProvider" finished-at="2025-09-16T03:29:29 IST" depends-on-methods="com.nobroker.test.Profile.validFilters" duration-ms="32590" status="PASS">
          <params>
            <param index="0">
              <value>
                <![CDATA[4 BHK]]>
              </value>
            </param>
            <param index="1">
              <value>
                <![CDATA[30000]]>
              </value>
            </param>
            <param index="2">
              <value>
                <![CDATA[100000]]>
              </value>
            </param>
            <param index="3">
              <value>
                <![CDATA[30Days]]>
              </value>
            </param>
            <param index="4">
              <value>
                <![CDATA[company]]>
              </value>
            </param>
            <param index="5">
              <value>
                <![CDATA[gc]]>
              </value>
            </param>
            <param index="6">
              <value>
                <![CDATA[Full]]>
              </value>
            </param>
            <param index="7">
              <value>
                <![CDATA[4-wheeler]]>
              </value>
            </param>
          </params>
          <reporter-output>
          </reporter-output>
        </test-method> <!-- resetFilters -->
        <test-method is-config="true" signature="tearDown(org.testng.ITestResult)[pri:0, instance:com.nobroker.test.Profile@77f1baf5]" started-at="2025-09-16T03:29:29 IST" name="tearDown" finished-at="2025-09-16T03:29:29 IST" duration-ms="629" status="PASS">
          <params>
            <param index="0">
              <value>
                <![CDATA[[TestResult name=resetFilters status=SUCCESS method=Profile.resetFilters(java.lang.String,int,int,java.lang.String,java.lang.String,java.lang.String,java.lang.String,java.lang.String)[pri:5, instance:com.nobroker.test.Profile@77f1baf5] output={null}]]]>
              </value>
            </param>
          </params>
          <reporter-output>
          </reporter-output>
        </test-method> <!-- tearDown -->
        <test-method is-config="true" signature="setupTestContext(java.lang.String,java.lang.String,java.lang.String,java.lang.String,java.lang.String,java.lang.reflect.Method)[pri:0, instance:com.nobroker.test.Profile@77f1baf5]" started-at="2025-09-16T03:29:29 IST" name="setupTestContext" finished-at="2025-09-16T03:29:33 IST" duration-ms="3460" status="PASS">
          <params>
            <param index="0">
              <value>
                <![CDATA[Mumbai]]>
              </value>
            </param>
            <param index="1">
              <value>
                <![CDATA[airoli]]>
              </value>
            </param>
            <param index="2">
              <value>
                <![CDATA[rabale]]>
              </value>
            </param>
            <param index="3">
              <value>
                <![CDATA[thane]]>
              </value>
            </param>
            <param index="4">
              <value>
                <![CDATA[edge]]>
              </value>
            </param>
            <param index="5">
              <value>
                <![CDATA[public void com.nobroker.test.Profile.resetFilters(java.lang.String,int,int,java.lang.String,java.lang.String,java.lang.String,java.lang.String,java.lang.String) throws java.lang.InterruptedException]]>
              </value>
            </param>
          </params>
          <reporter-output>
          </reporter-output>
        </test-method> <!-- setupTestContext -->
        <test-method signature="resetFilters(java.lang.String,int,int,java.lang.String,java.lang.String,java.lang.String,java.lang.String,java.lang.String)[pri:5, instance:com.nobroker.test.Profile@77f1baf5]" started-at="2025-09-16T03:29:33 IST" name="resetFilters" description="To validate reset filter functionality" data-provider="filterDataProvider" finished-at="2025-09-16T03:30:02 IST" depends-on-methods="com.nobroker.test.Profile.validFilters" duration-ms="29017" status="PASS">
          <params>
            <param index="0">
              <value>
                <![CDATA[2 BHK]]>
              </value>
            </param>
            <param index="1">
              <value>
                <![CDATA[10000]]>
              </value>
            </param>
            <param index="2">
              <value>
                <![CDATA[100000]]>
              </value>
            </param>
            <param index="3">
              <value>
                <![CDATA[30Days]]>
              </value>
            </param>
            <param index="4">
              <value>
                <![CDATA[family]]>
              </value>
            </param>
            <param index="5">
              <value>
                <![CDATA[apartment]]>
              </value>
            </param>
            <param index="6">
              <value>
                <![CDATA[Semi]]>
              </value>
            </param>
            <param index="7">
              <value>
                <![CDATA[2-wheeler]]>
              </value>
            </param>
          </params>
          <reporter-output>
          </reporter-output>
        </test-method> <!-- resetFilters -->
        <test-method is-config="true" signature="tearDown(org.testng.ITestResult)[pri:0, instance:com.nobroker.test.Profile@77f1baf5]" started-at="2025-09-16T03:30:02 IST" name="tearDown" finished-at="2025-09-16T03:30:02 IST" duration-ms="677" status="PASS">
          <params>
            <param index="0">
              <value>
                <![CDATA[[TestResult name=resetFilters status=SUCCESS method=Profile.resetFilters(java.lang.String,int,int,java.lang.String,java.lang.String,java.lang.String,java.lang.String,java.lang.String)[pri:5, instance:com.nobroker.test.Profile@77f1baf5] output={null}]]]>
              </value>
            </param>
          </params>
          <reporter-output>
          </reporter-output>
        </test-method> <!-- tearDown -->
        <test-method is-config="true" signature="setupTestContext(java.lang.String,java.lang.String,java.lang.String,java.lang.String,java.lang.String,java.lang.reflect.Method)[pri:0, instance:com.nobroker.test.Profile@77f1baf5]" started-at="2025-09-16T03:30:02 IST" name="setupTestContext" finished-at="2025-09-16T03:30:07 IST" duration-ms="4489" status="PASS">
          <params>
            <param index="0">
              <value>
                <![CDATA[Mumbai]]>
              </value>
            </param>
            <param index="1">
              <value>
                <![CDATA[airoli]]>
              </value>
            </param>
            <param index="2">
              <value>
                <![CDATA[rabale]]>
              </value>
            </param>
            <param index="3">
              <value>
                <![CDATA[thane]]>
              </value>
            </param>
            <param index="4">
              <value>
                <![CDATA[edge]]>
              </value>
            </param>
            <param index="5">
              <value>
                <![CDATA[public void com.nobroker.test.Profile.resetFilters(java.lang.String,int,int,java.lang.String,java.lang.String,java.lang.String,java.lang.String,java.lang.String) throws java.lang.InterruptedException]]>
              </value>
            </param>
          </params>
          <reporter-output>
          </reporter-output>
        </test-method> <!-- setupTestContext -->
        <test-method signature="resetFilters(java.lang.String,int,int,java.lang.String,java.lang.String,java.lang.String,java.lang.String,java.lang.String)[pri:5, instance:com.nobroker.test.Profile@77f1baf5]" started-at="2025-09-16T03:30:07 IST" name="resetFilters" description="To validate reset filter functionality" data-provider="filterDataProvider" finished-at="2025-09-16T03:30:29 IST" depends-on-methods="com.nobroker.test.Profile.validFilters" duration-ms="22077" status="PASS">
          <params>
            <param index="0">
              <value>
                <![CDATA[1 BHK]]>
              </value>
            </param>
            <param index="1">
              <value>
                <![CDATA[7000]]>
              </value>
            </param>
            <param index="2">
              <value>
                <![CDATA[100000]]>
              </value>
            </param>
            <param index="3">
              <value>
                <![CDATA[30Days]]>
              </value>
            </param>
            <param index="4">
              <value>
                <![CDATA[bachelor_female]]>
              </value>
            </param>
            <param index="5">
              <value>
                <![CDATA[apartment]]>
              </value>
            </param>
            <param index="6">
              <value>
                <![CDATA[Full]]>
              </value>
            </param>
            <param index="7">
              <value>
                <![CDATA[2-wheeler]]>
              </value>
            </param>
          </params>
          <reporter-output>
          </reporter-output>
        </test-method> <!-- resetFilters -->
        <test-method is-config="true" signature="tearDown(org.testng.ITestResult)[pri:0, instance:com.nobroker.test.Profile@77f1baf5]" started-at="2025-09-16T03:30:29 IST" name="tearDown" finished-at="2025-09-16T03:30:30 IST" duration-ms="658" status="PASS">
          <params>
            <param index="0">
              <value>
                <![CDATA[[TestResult name=resetFilters status=SUCCESS method=Profile.resetFilters(java.lang.String,int,int,java.lang.String,java.lang.String,java.lang.String,java.lang.String,java.lang.String)[pri:5, instance:com.nobroker.test.Profile@77f1baf5] output={null}]]]>
              </value>
            </param>
          </params>
          <reporter-output>
          </reporter-output>
        </test-method> <!-- tearDown -->
        <test-method is-config="true" signature="setupTestContext(java.lang.String,java.lang.String,java.lang.String,java.lang.String,java.lang.String,java.lang.reflect.Method)[pri:0, instance:com.nobroker.test.Profile@77f1baf5]" started-at="2025-09-16T03:30:30 IST" name="setupTestContext" finished-at="2025-09-16T03:30:33 IST" duration-ms="3753" status="PASS">
          <params>
            <param index="0">
              <value>
                <![CDATA[Mumbai]]>
              </value>
            </param>
            <param index="1">
              <value>
                <![CDATA[airoli]]>
              </value>
            </param>
            <param index="2">
              <value>
                <![CDATA[rabale]]>
              </value>
            </param>
            <param index="3">
              <value>
                <![CDATA[thane]]>
              </value>
            </param>
            <param index="4">
              <value>
                <![CDATA[edge]]>
              </value>
            </param>
            <param index="5">
              <value>
                <![CDATA[public void com.nobroker.test.Profile.resetFilters(java.lang.String,int,int,java.lang.String,java.lang.String,java.lang.String,java.lang.String,java.lang.String) throws java.lang.InterruptedException]]>
              </value>
            </param>
          </params>
          <reporter-output>
          </reporter-output>
        </test-method> <!-- setupTestContext -->
        <test-method signature="resetFilters(java.lang.String,int,int,java.lang.String,java.lang.String,java.lang.String,java.lang.String,java.lang.String)[pri:5, instance:com.nobroker.test.Profile@77f1baf5]" started-at="2025-09-16T03:30:33 IST" name="resetFilters" description="To validate reset filter functionality" data-provider="filterDataProvider" finished-at="2025-09-16T03:30:55 IST" depends-on-methods="com.nobroker.test.Profile.validFilters" duration-ms="21522" status="PASS">
          <params>
            <param index="0">
              <value>
                <![CDATA[1 RK]]>
              </value>
            </param>
            <param index="1">
              <value>
                <![CDATA[5000]]>
              </value>
            </param>
            <param index="2">
              <value>
                <![CDATA[100000]]>
              </value>
            </param>
            <param index="3">
              <value>
                <![CDATA[Immediate]]>
              </value>
            </param>
            <param index="4">
              <value>
                <![CDATA[bachelor_male]]>
              </value>
            </param>
            <param index="5">
              <value>
                <![CDATA[apartment]]>
              </value>
            </param>
            <param index="6">
              <value>
                <![CDATA[Full]]>
              </value>
            </param>
            <param index="7">
              <value>
                <![CDATA[2-wheeler]]>
              </value>
            </param>
          </params>
          <reporter-output>
          </reporter-output>
        </test-method> <!-- resetFilters -->
        <test-method is-config="true" signature="tearDown(org.testng.ITestResult)[pri:0, instance:com.nobroker.test.Profile@77f1baf5]" started-at="2025-09-16T03:30:55 IST" name="tearDown" finished-at="2025-09-16T03:30:56 IST" duration-ms="641" status="PASS">
          <params>
            <param index="0">
              <value>
                <![CDATA[[TestResult name=resetFilters status=SUCCESS method=Profile.resetFilters(java.lang.String,int,int,java.lang.String,java.lang.String,java.lang.String,java.lang.String,java.lang.String)[pri:5, instance:com.nobroker.test.Profile@77f1baf5] output={null}]]]>
              </value>
            </param>
          </params>
          <reporter-output>
          </reporter-output>
        </test-method> <!-- tearDown -->
        <test-method is-config="true" signature="setupTestContext(java.lang.String,java.lang.String,java.lang.String,java.lang.String,java.lang.String,java.lang.reflect.Method)[pri:0, instance:com.nobroker.test.Profile@77f1baf5]" started-at="2025-09-16T03:30:56 IST" name="setupTestContext" finished-at="2025-09-16T03:30:59 IST" duration-ms="3712" status="PASS">
          <params>
            <param index="0">
              <value>
                <![CDATA[Mumbai]]>
              </value>
            </param>
            <param index="1">
              <value>
                <![CDATA[airoli]]>
              </value>
            </param>
            <param index="2">
              <value>
                <![CDATA[rabale]]>
              </value>
            </param>
            <param index="3">
              <value>
                <![CDATA[thane]]>
              </value>
            </param>
            <param index="4">
              <value>
                <![CDATA[edge]]>
              </value>
            </param>
            <param index="5">
              <value>
                <![CDATA[public void com.nobroker.test.Profile.getOwnerDetailsWithoutLogin() throws java.lang.InterruptedException]]>
              </value>
            </param>
          </params>
          <reporter-output>
          </reporter-output>
        </test-method> <!-- setupTestContext -->
        <test-method signature="getOwnerDetailsWithoutLogin()[pri:6, instance:com.nobroker.test.Profile@77f1baf5]" started-at="2025-09-16T03:30:59 IST" name="getOwnerDetailsWithoutLogin" description="To validate owner details popup without login" finished-at="2025-09-16T03:31:07 IST" duration-ms="7409" status="PASS">
          <reporter-output>
          </reporter-output>
        </test-method> <!-- getOwnerDetailsWithoutLogin -->
        <test-method is-config="true" signature="tearDown(org.testng.ITestResult)[pri:0, instance:com.nobroker.test.Profile@77f1baf5]" started-at="2025-09-16T03:31:07 IST" name="tearDown" finished-at="2025-09-16T03:31:08 IST" duration-ms="881" status="PASS">
          <params>
            <param index="0">
              <value>
                <![CDATA[[TestResult name=getOwnerDetailsWithoutLogin status=SUCCESS method=Profile.getOwnerDetailsWithoutLogin()[pri:6, instance:com.nobroker.test.Profile@77f1baf5] output={null}]]]>
              </value>
            </param>
          </params>
          <reporter-output>
          </reporter-output>
        </test-method> <!-- tearDown -->
        <test-method is-config="true" signature="setupTestContext(java.lang.String,java.lang.String,java.lang.String,java.lang.String,java.lang.String,java.lang.reflect.Method)[pri:0, instance:com.nobroker.test.Profile@77f1baf5]" started-at="2025-09-16T03:31:08 IST" name="setupTestContext" finished-at="2025-09-16T03:31:12 IST" duration-ms="4207" status="PASS">
          <params>
            <param index="0">
              <value>
                <![CDATA[Mumbai]]>
              </value>
            </param>
            <param index="1">
              <value>
                <![CDATA[airoli]]>
              </value>
            </param>
            <param index="2">
              <value>
                <![CDATA[rabale]]>
              </value>
            </param>
            <param index="3">
              <value>
                <![CDATA[thane]]>
              </value>
            </param>
            <param index="4">
              <value>
                <![CDATA[edge]]>
              </value>
            </param>
            <param index="5">
              <value>
                <![CDATA[public void com.nobroker.test.Profile.getOwnerDetailsWithLogin() throws java.lang.InterruptedException]]>
              </value>
            </param>
          </params>
          <reporter-output>
          </reporter-output>
        </test-method> <!-- setupTestContext -->
        <test-method signature="getOwnerDetailsWithLogin()[pri:7, instance:com.nobroker.test.Profile@77f1baf5]" started-at="2025-09-16T03:31:12 IST" name="getOwnerDetailsWithLogin" description="To validate owner details after login" finished-at="2025-09-16T03:31:47 IST" depends-on-methods="com.nobroker.test.Profile.getOwnerDetailsWithoutLogin" duration-ms="35437" status="PASS">
          <reporter-output>
          </reporter-output>
        </test-method> <!-- getOwnerDetailsWithLogin -->
        <test-method is-config="true" signature="tearDown(org.testng.ITestResult)[pri:0, instance:com.nobroker.test.Profile@77f1baf5]" started-at="2025-09-16T03:31:47 IST" name="tearDown" finished-at="2025-09-16T03:31:48 IST" duration-ms="729" status="PASS">
          <params>
            <param index="0">
              <value>
                <![CDATA[[TestResult name=getOwnerDetailsWithLogin status=SUCCESS method=Profile.getOwnerDetailsWithLogin()[pri:7, instance:com.nobroker.test.Profile@77f1baf5] output={null}]]]>
              </value>
            </param>
          </params>
          <reporter-output>
          </reporter-output>
        </test-method> <!-- tearDown -->
        <test-method is-config="true" signature="setupTestContext(java.lang.String,java.lang.String,java.lang.String,java.lang.String,java.lang.String,java.lang.reflect.Method)[pri:0, instance:com.nobroker.test.Profile@77f1baf5]" started-at="2025-09-16T03:31:48 IST" name="setupTestContext" finished-at="2025-09-16T03:31:52 IST" duration-ms="3607" status="PASS">
          <params>
            <param index="0">
              <value>
                <![CDATA[Mumbai]]>
              </value>
            </param>
            <param index="1">
              <value>
                <![CDATA[airoli]]>
              </value>
            </param>
            <param index="2">
              <value>
                <![CDATA[rabale]]>
              </value>
            </param>
            <param index="3">
              <value>
                <![CDATA[thane]]>
              </value>
            </param>
            <param index="4">
              <value>
                <![CDATA[edge]]>
              </value>
            </param>
            <param index="5">
              <value>
                <![CDATA[public void com.nobroker.test.Profile.sortProperties() throws java.lang.InterruptedException]]>
              </value>
            </param>
          </params>
          <reporter-output>
          </reporter-output>
        </test-method> <!-- setupTestContext -->
        <test-method signature="sortProperties()[pri:8, instance:com.nobroker.test.Profile@77f1baf5]" started-at="2025-09-16T03:31:52 IST" name="sortProperties" description="To validate property sorting by price" finished-at="2025-09-16T03:31:58 IST" depends-on-methods="com.nobroker.test.Profile.validInputTest" duration-ms="6713" status="PASS">
          <reporter-output>
          </reporter-output>
        </test-method> <!-- sortProperties -->
        <test-method is-config="true" signature="tearDown(org.testng.ITestResult)[pri:0, instance:com.nobroker.test.Profile@77f1baf5]" started-at="2025-09-16T03:31:58 IST" name="tearDown" finished-at="2025-09-16T03:31:59 IST" duration-ms="723" status="PASS">
          <params>
            <param index="0">
              <value>
                <![CDATA[[TestResult name=sortProperties status=SUCCESS method=Profile.sortProperties()[pri:8, instance:com.nobroker.test.Profile@77f1baf5] output={null}]]]>
              </value>
            </param>
          </params>
          <reporter-output>
          </reporter-output>
        </test-method> <!-- tearDown -->
        <test-method is-config="true" signature="finalizeReport()[pri:0, instance:com.nobroker.test.Profile@77f1baf5]" started-at="2025-09-16T03:31:59 IST" name="finalizeReport" finished-at="2025-09-16T03:31:59 IST" duration-ms="391" status="PASS">
          <reporter-output>
          </reporter-output>
        </test-method> <!-- finalizeReport -->
      </class> <!-- com.nobroker.test.Profile -->
    </test> <!-- Profile Functional Tests -->
  </suite> <!-- NoBroker Automation Suite -->
</testng-results>
